{"C:\\Users\\mekme\\Documents\\Repository\\Web Apps\\Matchmaker\\backend\\config\\db.js": {"path":"C:\\Users\\mekme\\Documents\\Repository\\Web Apps\\Matchmaker\\backend\\config\\db.js","statementMap":{"0":{"start":{"line":1,"column":17},"end":{"line":1,"column":36}},"1":{"start":{"line":2,"column":0},"end":{"line":2,"column":27}},"2":{"start":{"line":3,"column":15},"end":{"line":3,"column":41}},"3":{"start":{"line":5,"column":18},"end":{"line":13,"column":1}},"4":{"start":{"line":6,"column":2},"end":{"line":12,"column":3}},"5":{"start":{"line":7,"column":4},"end":{"line":7,"column":52}},"6":{"start":{"line":8,"column":4},"end":{"line":8,"column":37}},"7":{"start":{"line":10,"column":4},"end":{"line":10,"column":53}},"8":{"start":{"line":11,"column":4},"end":{"line":11,"column":20}},"9":{"start":{"line":15,"column":0},"end":{"line":15,"column":27}}},"fnMap":{"0":{"name":"(anonymous_0)","decl":{"start":{"line":5,"column":18},"end":{"line":5,"column":19}},"loc":{"start":{"line":5,"column":30},"end":{"line":13,"column":1}},"line":5}},"branchMap":{},"s":{"0":1,"1":1,"2":1,"3":1,"4":2,"5":2,"6":1,"7":1,"8":1,"9":1},"f":{"0":2},"b":{},"_coverageSchema":"1a1c01bbd47fc00a2c39e90264f33305004495a9","hash":"e2073ee3c25e95c191e5aaf21ce9c821bc643e05"}
,"C:\\Users\\mekme\\Documents\\Repository\\Web Apps\\Matchmaker\\backend\\controller\\user.js": {"path":"C:\\Users\\mekme\\Documents\\Repository\\Web Apps\\Matchmaker\\backend\\controller\\user.js","statementMap":{"0":{"start":{"line":1,"column":13},"end":{"line":1,"column":37}},"1":{"start":{"line":2,"column":15},"end":{"line":2,"column":34}},"2":{"start":{"line":3,"column":12},"end":{"line":3,"column":35}},"3":{"start":{"line":4,"column":15},"end":{"line":4,"column":41}},"4":{"start":{"line":7,"column":2},"end":{"line":9,"column":3}},"5":{"start":{"line":8,"column":4},"end":{"line":8,"column":74}},"6":{"start":{"line":10,"column":2},"end":{"line":10,"column":32}},"7":{"start":{"line":13,"column":0},"end":{"line":41,"column":2}},"8":{"start":{"line":14,"column":2},"end":{"line":40,"column":3}},"9":{"start":{"line":15,"column":40},"end":{"line":15,"column":48}},"10":{"start":{"line":16,"column":4},"end":{"line":19,"column":5}},"11":{"start":{"line":17,"column":6},"end":{"line":17,"column":62}},"12":{"start":{"line":18,"column":6},"end":{"line":18,"column":93}},"13":{"start":{"line":20,"column":4},"end":{"line":20,"column":32}},"14":{"start":{"line":21,"column":4},"end":{"line":21,"column":79}},"15":{"start":{"line":22,"column":26},"end":{"line":22,"column":55}},"16":{"start":{"line":23,"column":4},"end":{"line":26,"column":5}},"17":{"start":{"line":24,"column":6},"end":{"line":24,"column":70}},"18":{"start":{"line":25,"column":6},"end":{"line":25,"column":71}},"19":{"start":{"line":27,"column":29},"end":{"line":27,"column":61}},"20":{"start":{"line":28,"column":4},"end":{"line":31,"column":5}},"21":{"start":{"line":29,"column":6},"end":{"line":29,"column":76}},"22":{"start":{"line":30,"column":6},"end":{"line":30,"column":74}},"23":{"start":{"line":32,"column":27},"end":{"line":32,"column":58}},"24":{"start":{"line":33,"column":17},"end":{"line":33,"column":72}},"25":{"start":{"line":34,"column":4},"end":{"line":34,"column":22}},"26":{"start":{"line":35,"column":4},"end":{"line":35,"column":72}},"27":{"start":{"line":36,"column":4},"end":{"line":36,"column":70}},"28":{"start":{"line":38,"column":4},"end":{"line":38,"column":43}},"29":{"start":{"line":39,"column":4},"end":{"line":39,"column":54}},"30":{"start":{"line":43,"column":0},"end":{"line":69,"column":2}},"31":{"start":{"line":44,"column":2},"end":{"line":68,"column":3}},"32":{"start":{"line":45,"column":30},"end":{"line":45,"column":38}},"33":{"start":{"line":46,"column":4},"end":{"line":49,"column":5}},"34":{"start":{"line":47,"column":6},"end":{"line":47,"column":61}},"35":{"start":{"line":48,"column":6},"end":{"line":48,"column":82}},"36":{"start":{"line":50,"column":4},"end":{"line":50,"column":32}},"37":{"start":{"line":51,"column":4},"end":{"line":51,"column":53}},"38":{"start":{"line":52,"column":17},"end":{"line":52,"column":46}},"39":{"start":{"line":53,"column":4},"end":{"line":56,"column":5}},"40":{"start":{"line":54,"column":6},"end":{"line":54,"column":78}},"41":{"start":{"line":55,"column":6},"end":{"line":55,"column":70}},"42":{"start":{"line":57,"column":20},"end":{"line":57,"column":65}},"43":{"start":{"line":58,"column":4},"end":{"line":61,"column":5}},"44":{"start":{"line":59,"column":6},"end":{"line":59,"column":75}},"45":{"start":{"line":60,"column":6},"end":{"line":60,"column":70}},"46":{"start":{"line":62,"column":18},"end":{"line":62,"column":86}},"47":{"start":{"line":63,"column":4},"end":{"line":63,"column":56}},"48":{"start":{"line":64,"column":4},"end":{"line":64,"column":24}},"49":{"start":{"line":66,"column":4},"end":{"line":66,"column":40}},"50":{"start":{"line":67,"column":4},"end":{"line":67,"column":54}}},"fnMap":{"0":{"name":"getJwtSecret","decl":{"start":{"line":6,"column":9},"end":{"line":6,"column":21}},"loc":{"start":{"line":6,"column":24},"end":{"line":11,"column":1}},"line":6},"1":{"name":"(anonymous_1)","decl":{"start":{"line":13,"column":19},"end":{"line":13,"column":20}},"loc":{"start":{"line":13,"column":39},"end":{"line":41,"column":1}},"line":13},"2":{"name":"(anonymous_2)","decl":{"start":{"line":43,"column":16},"end":{"line":43,"column":17}},"loc":{"start":{"line":43,"column":36},"end":{"line":69,"column":1}},"line":43}},"branchMap":{"0":{"loc":{"start":{"line":7,"column":2},"end":{"line":9,"column":3}},"type":"if","locations":[{"start":{"line":7,"column":2},"end":{"line":9,"column":3}},{"start":{},"end":{}}],"line":7},"1":{"loc":{"start":{"line":16,"column":4},"end":{"line":19,"column":5}},"type":"if","locations":[{"start":{"line":16,"column":4},"end":{"line":19,"column":5}},{"start":{},"end":{}}],"line":16},"2":{"loc":{"start":{"line":16,"column":8},"end":{"line":16,"column":40}},"type":"binary-expr","locations":[{"start":{"line":16,"column":8},"end":{"line":16,"column":14}},{"start":{"line":16,"column":18},"end":{"line":16,"column":27}},{"start":{"line":16,"column":31},"end":{"line":16,"column":40}}],"line":16},"3":{"loc":{"start":{"line":23,"column":4},"end":{"line":26,"column":5}},"type":"if","locations":[{"start":{"line":23,"column":4},"end":{"line":26,"column":5}},{"start":{},"end":{}}],"line":23},"4":{"loc":{"start":{"line":28,"column":4},"end":{"line":31,"column":5}},"type":"if","locations":[{"start":{"line":28,"column":4},"end":{"line":31,"column":5}},{"start":{},"end":{}}],"line":28},"5":{"loc":{"start":{"line":46,"column":4},"end":{"line":49,"column":5}},"type":"if","locations":[{"start":{"line":46,"column":4},"end":{"line":49,"column":5}},{"start":{},"end":{}}],"line":46},"6":{"loc":{"start":{"line":46,"column":8},"end":{"line":46,"column":27}},"type":"binary-expr","locations":[{"start":{"line":46,"column":8},"end":{"line":46,"column":14}},{"start":{"line":46,"column":18},"end":{"line":46,"column":27}}],"line":46},"7":{"loc":{"start":{"line":53,"column":4},"end":{"line":56,"column":5}},"type":"if","locations":[{"start":{"line":53,"column":4},"end":{"line":56,"column":5}},{"start":{},"end":{}}],"line":53},"8":{"loc":{"start":{"line":58,"column":4},"end":{"line":61,"column":5}},"type":"if","locations":[{"start":{"line":58,"column":4},"end":{"line":61,"column":5}},{"start":{},"end":{}}],"line":58}},"s":{"0":1,"1":1,"2":1,"3":1,"4":2,"5":1,"6":1,"7":1,"8":5,"9":5,"10":5,"11":1,"12":1,"13":4,"14":4,"15":4,"16":3,"17":1,"18":1,"19":2,"20":2,"21":1,"22":1,"23":1,"24":1,"25":1,"26":1,"27":1,"28":1,"29":1,"30":1,"31":6,"32":6,"33":6,"34":1,"35":1,"36":5,"37":5,"38":5,"39":4,"40":1,"41":1,"42":3,"43":3,"44":1,"45":1,"46":2,"47":1,"48":1,"49":2,"50":2},"f":{"0":2,"1":5,"2":6},"b":{"0":[1,1],"1":[1,4],"2":[5,4,4],"3":[1,2],"4":[1,1],"5":[1,5],"6":[6,5],"7":[1,3],"8":[1,2]},"_coverageSchema":"1a1c01bbd47fc00a2c39e90264f33305004495a9","hash":"222b21434072ca3e50af992ae1b27584073756db"}
,"C:\\Users\\mekme\\Documents\\Repository\\Web Apps\\Matchmaker\\backend\\model\\user.js": {"path":"C:\\Users\\mekme\\Documents\\Repository\\Web Apps\\Matchmaker\\backend\\model\\user.js","statementMap":{"0":{"start":{"line":1,"column":17},"end":{"line":1,"column":36}},"1":{"start":{"line":3,"column":19},"end":{"line":8,"column":2}},"2":{"start":{"line":10,"column":0},"end":{"line":10,"column":52}}},"fnMap":{},"branchMap":{},"s":{"0":2,"1":2,"2":2},"f":{},"b":{},"_coverageSchema":"1a1c01bbd47fc00a2c39e90264f33305004495a9","hash":"023f3400c2acea22de5989f0ca2bb4e436325fe9"}
,"C:\\Users\\mekme\\Documents\\Repository\\Web Apps\\Matchmaker\\backend\\utils\\logger.js": {"path":"C:\\Users\\mekme\\Documents\\Repository\\Web Apps\\Matchmaker\\backend\\utils\\logger.js","statementMap":{"0":{"start":{"line":1,"column":53},"end":{"line":1,"column":71}},"1":{"start":{"line":3,"column":21},"end":{"line":5,"column":2}},"2":{"start":{"line":4,"column":2},"end":{"line":4,"column":45}},"3":{"start":{"line":7,"column":15},"end":{"line":29,"column":2}},"4":{"start":{"line":31,"column":0},"end":{"line":31,"column":24}}},"fnMap":{"0":{"name":"(anonymous_0)","decl":{"start":{"line":3,"column":35},"end":{"line":3,"column":36}},"loc":{"start":{"line":3,"column":70},"end":{"line":5,"column":1}},"line":3}},"branchMap":{},"s":{"0":3,"1":3,"2":30,"3":3,"4":3},"f":{"0":30},"b":{},"_coverageSchema":"1a1c01bbd47fc00a2c39e90264f33305004495a9","hash":"3d52568867db25182dcef7dd77d9d99633eb9c43"}
}
