TN:
SF:config\db.js
FN:5,(anonymous_0)
FNF:1
FNH:1
FNDA:2,(anonymous_0)
DA:1,1
DA:2,1
DA:3,1
DA:5,1
DA:6,2
DA:7,2
DA:8,1
DA:10,1
DA:11,1
DA:15,1
LF:10
LH:10
BRF:0
BRH:0
end_of_record
TN:
SF:controller\user.js
FN:6,getJwtSecret
FN:13,(anonymous_1)
FN:43,(anonymous_2)
FNF:3
FNH:3
FNDA:2,getJwtSecret
FNDA:5,(anonymous_1)
FNDA:6,(anonymous_2)
DA:1,1
DA:2,1
DA:3,1
DA:4,1
DA:7,2
DA:8,1
DA:10,1
DA:13,1
DA:14,5
DA:15,5
DA:16,5
DA:17,1
DA:18,1
DA:20,4
DA:21,4
DA:22,4
DA:23,3
DA:24,1
DA:25,1
DA:27,2
DA:28,2
DA:29,1
DA:30,1
DA:32,1
DA:33,1
DA:34,1
DA:35,1
DA:36,1
DA:38,1
DA:39,1
DA:43,1
DA:44,6
DA:45,6
DA:46,6
DA:47,1
DA:48,1
DA:50,5
DA:51,5
DA:52,5
DA:53,4
DA:54,1
DA:55,1
DA:57,3
DA:58,3
DA:59,1
DA:60,1
DA:62,2
DA:63,1
DA:64,1
DA:66,2
DA:67,2
LF:51
LH:51
BRDA:7,0,0,1
BRDA:7,0,1,1
BRDA:16,1,0,1
BRDA:16,1,1,4
BRDA:16,2,0,5
BRDA:16,2,1,4
BRDA:16,2,2,4
BRDA:23,3,0,1
BRDA:23,3,1,2
BRDA:28,4,0,1
BRDA:28,4,1,1
BRDA:46,5,0,1
BRDA:46,5,1,5
BRDA:46,6,0,6
BRDA:46,6,1,5
BRDA:53,7,0,1
BRDA:53,7,1,3
BRDA:58,8,0,1
BRDA:58,8,1,2
BRF:19
BRH:19
end_of_record
TN:
SF:model\user.js
FNF:0
FNH:0
DA:1,2
DA:3,2
DA:10,2
LF:3
LH:3
BRF:0
BRH:0
end_of_record
TN:
SF:utils\logger.js
FN:3,(anonymous_0)
FNF:1
FNH:1
FNDA:30,(anonymous_0)
DA:1,3
DA:3,3
DA:4,30
DA:7,3
DA:31,3
LF:5
LH:5
BRF:0
BRH:0
end_of_record
